<?xml version="1.0" encoding="UTF-8"?>
<!-- Generated by org.testng.reporters.JUnitXMLReporter -->
<testsuite hostname="snehas-mbp.lan" ignored="0" name="Surefire test" tests="1" failures="1" timestamp="22 Mar 2023 22:32:59 GMT" time="0.452" errors="0">
  <testcase name="getAPITest" time="0.423" classname="com.qa.tests.GetAPITest">
    <failure type="org.apache.http.client.ClientProtocolException">
      <![CDATA[org.apache.http.client.ClientProtocolException
at org.apache.http.impl.client.InternalHttpClient.doExecute(InternalHttpClient.java:187)
at org.apache.http.impl.client.CloseableHttpClient.execute(CloseableHttpClient.java:83)
at org.apache.http.impl.client.CloseableHttpClient.execute(CloseableHttpClient.java:108)
at com.qa.client.RestClient.get(RestClient.java:25)
at com.qa.tests.GetAPITest.getAPITest(GetAPITest.java:29)
Caused by: org.apache.http.ProtocolException: Target host is not specified
at org.apache.http.impl.conn.DefaultRoutePlanner.determineRoute(DefaultRoutePlanner.java:71)
at org.apache.http.impl.client.InternalHttpClient.determineRoute(InternalHttpClient.java:125)
at org.apache.http.impl.client.InternalHttpClient.doExecute(InternalHttpClient.java:184)
... 34 more
... Removed 30 stack frames]]>
    </failure>
  </testcase> <!-- getAPITest -->
</testsuite> <!-- Surefire test -->
